#
# There is insufficient memory for the Java Runtime Environment to continue.
# Native memory allocation (malloc) failed to allocate 40672 bytes for Chunk::new
# Possible reasons:
#   The system is out of physical RAM or swap space
#   The process is running with CompressedOops enabled, and the Java Heap may be blocking the growth of the native heap
# Possible solutions:
#   Reduce memory load on the system
#   Increase physical memory or swap space
#   Check if swap backing store is full
#   Decrease Java heap size (-Xmx/-Xms)
#   Decrease number of Java threads
#   Decrease Java thread stack sizes (-Xss)
#   Set larger code cache with -XX:ReservedCodeCacheSize=
#   JVM is running with Unscaled Compressed Oops mode in which the Java heap is
#     placed in the first 4GB address space. The Java Heap base address is the
#     maximum limit for the native heap growth. Please use -XX:HeapBaseMinAddress
#     to set the Java Heap base and to place the Java Heap above 4GB virtual address.
# This output file may be truncated or incomplete.
#
#  Out of Memory Error (arena.cpp:189), pid=21060, tid=3204
#
# JRE version: OpenJDK Runtime Environment (17.0.6) (build 17.0.6+0-b2043.56-10027231)
# Java VM: OpenJDK 64-Bit Server VM (17.0.6+0-b2043.56-10027231, mixed mode, tiered, compressed oops, compressed class ptrs, g1 gc, windows-amd64)
# No core dump will be written. Minidumps are not enabled by default on client versions of Windows
#

---------------  S U M M A R Y ------------

Command Line: --add-opens=java.base/java.util=ALL-UNNAMED --add-opens=java.base/java.lang=ALL-UNNAMED --add-opens=java.base/java.lang.invoke=ALL-UNNAMED --add-opens=java.prefs/java.util.prefs=ALL-UNNAMED --add-opens=java.base/java.nio.charset=ALL-UNNAMED --add-opens=java.base/java.net=ALL-UNNAMED --add-opens=java.base/java.util.concurrent.atomic=ALL-UNNAMED -Xmx2048m -Dfile.encoding=UTF-8 -Duser.country=US -Duser.language=en -Duser.variant org.gradle.launcher.daemon.bootstrap.GradleDaemon 8.0

Host: Intel(R) Core(TM) i5-6300U CPU @ 2.40GHz, 4 cores, 7G,  Windows 10 , 64 bit Build 19041 (10.0.19041.3393)
Time: Fri Oct  6 09:56:44 2023 E. Africa Standard Time elapsed time: 40.387979 seconds (0d 0h 0m 40s)

---------------  T H R E A D  ---------------

Current thread (0x00000233c8409de0):  JavaThread "C2 CompilerThread0" daemon [_thread_in_native, id=3204, stack(0x000000b174200000,0x000000b174300000)]


Current CompileTask:
C2:  40388 6509   !   4       java.util.zip.ZipFile$Source::readFullyAt (74 bytes)

Stack: [0x000000b174200000,0x000000b174300000]
Native frames: (J=compiled Java code, j=interpreted, Vv=VM code, C=native code)
V  [jvm.dll+0x683c9a]
V  [jvm.dll+0x8427a4]
V  [jvm.dll+0x843f9e]
V  [jvm.dll+0x844603]
V  [jvm.dll+0x249b75]
V  [jvm.dll+0xabcac]
V  [jvm.dll+0xac27c]
V  [jvm.dll+0x368857]
V  [jvm.dll+0x332f31]
V  [jvm.dll+0x3323da]
V  [jvm.dll+0x21c201]
V  [jvm.dll+0x21b621]
V  [jvm.dll+0x1a4fdd]
V  [jvm.dll+0x22b098]
V  [jvm.dll+0x229159]
V  [jvm.dll+0x7f81ec]
V  [jvm.dll+0x7f274a]
V  [jvm.dll+0x682ad5]
C  [ucrtbase.dll+0x21bb2]
C  [KERNEL32.DLL+0x17344]
C  [ntdll.dll+0x526b1]


---------------  P R O C E S S  ---------------

Threads class SMR info:
_java_thread_list=0x00000233ca9a0380, length=80, elements={
0x00000233ae2c9170, 0x00000233c788c540, 0x00000233c788d2c0, 0x00000233c78de3c0,
0x00000233c8408070, 0x00000233c8408930, 0x00000233c84091f0, 0x00000233c8409de0,
0x00000233c840d700, 0x00000233c84782a0, 0x00000233c8592040, 0x00000233c859a950,
0x00000233c9f2ab10, 0x00000233c99924f0, 0x00000233c9efbae0, 0x00000233c924a400,
0x00000233c9a6f100, 0x00000233c9d9a8c0, 0x00000233c9afb300, 0x00000233cab4a5b0,
0x00000233c9244850, 0x00000233c9244d20, 0x00000233c92456c0, 0x00000233c9243040,
0x00000233c92439e0, 0x00000233c92451f0, 0x00000233c9244380, 0x00000233c9246a00,
0x00000233c9243510, 0x00000233c9245b90, 0x00000233c9246060, 0x00000233c9246530,
0x00000233c9b828f0, 0x00000233c9b83760, 0x00000233c9b83290, 0x00000233c9b83c30,
0x00000233c9b84100, 0x00000233c9b85de0, 0x00000233c9b87120, 0x00000233c9b84aa0,
0x00000233c9b862b0, 0x00000233c9b86780, 0x00000233c9b875f0, 0x00000233c9b87ac0,
0x00000233c9b87f90, 0x00000233c9b80740, 0x00000233c9b80c10, 0x00000233c9b815b0,
0x00000233c9b810e0, 0x00000233c9b81a80, 0x00000233c9b81f50, 0x00000233cf8513a0,
0x00000233cf853550, 0x00000233cf853a20, 0x00000233cf852bb0, 0x00000233cf853080,
0x00000233cf851870, 0x00000233cf850060, 0x00000233cf850530, 0x00000233cf850a00,
0x00000233cf850ed0, 0x00000233cf851d40, 0x00000233cf8526e0, 0x00000233cf852210,
0x00000233c8a54f10, 0x00000233c8a506e0, 0x00000233c8a51550, 0x00000233c8a51a20,
0x00000233c8a553e0, 0x00000233c8a523c0, 0x00000233c8a54570, 0x00000233c8a54a40,
0x00000233c8a51ef0, 0x00000233c8a4f870, 0x00000233c8a4fd40, 0x00000233c8a558b0,
0x00000233c8a51080, 0x00000233c8a4eed0, 0x00000233c8a540a0, 0x00000233c8a53230
}

Java Threads: ( => current thread )
  0x00000233ae2c9170 JavaThread "main" [_thread_blocked, id=15468, stack(0x000000b173500000,0x000000b173600000)]
  0x00000233c788c540 JavaThread "Reference Handler" daemon [_thread_blocked, id=7876, stack(0x000000b173c00000,0x000000b173d00000)]
  0x00000233c788d2c0 JavaThread "Finalizer" daemon [_thread_blocked, id=21284, stack(0x000000b173d00000,0x000000b173e00000)]
  0x00000233c78de3c0 JavaThread "Signal Dispatcher" daemon [_thread_blocked, id=22120, stack(0x000000b173e00000,0x000000b173f00000)]
  0x00000233c8408070 JavaThread "Attach Listener" daemon [_thread_blocked, id=22972, stack(0x000000b173f00000,0x000000b174000000)]
  0x00000233c8408930 JavaThread "Service Thread" daemon [_thread_blocked, id=7836, stack(0x000000b174000000,0x000000b174100000)]
  0x00000233c84091f0 JavaThread "Monitor Deflation Thread" daemon [_thread_blocked, id=17608, stack(0x000000b174100000,0x000000b174200000)]
=>0x00000233c8409de0 JavaThread "C2 CompilerThread0" daemon [_thread_in_native, id=3204, stack(0x000000b174200000,0x000000b174300000)]
  0x00000233c840d700 JavaThread "C1 CompilerThread0" daemon [_thread_blocked, id=20764, stack(0x000000b174300000,0x000000b174400000)]
  0x00000233c84782a0 JavaThread "Sweeper thread" daemon [_thread_blocked, id=12148, stack(0x000000b174400000,0x000000b174500000)]
  0x00000233c8592040 JavaThread "Common-Cleaner" daemon [_thread_blocked, id=3096, stack(0x000000b174500000,0x000000b174600000)]
  0x00000233c859a950 JavaThread "Notification Thread" daemon [_thread_blocked, id=24224, stack(0x000000b174600000,0x000000b174700000)]
  0x00000233c9f2ab10 JavaThread "Daemon health stats" [_thread_blocked, id=24352, stack(0x000000b174b00000,0x000000b174c00000)]
  0x00000233c99924f0 JavaThread "Incoming local TCP Connector on port 61542" [_thread_in_native, id=20428, stack(0x000000b174c00000,0x000000b174d00000)]
  0x00000233c9efbae0 JavaThread "Daemon periodic checks" [_thread_blocked, id=22448, stack(0x000000b174d00000,0x000000b174e00000)]
  0x00000233c924a400 JavaThread "Daemon" [_thread_blocked, id=8868, stack(0x000000b174e00000,0x000000b174f00000)]
  0x00000233c9a6f100 JavaThread "Handler for socket connection from /127.0.0.1:61542 to /127.0.0.1:61543" [_thread_in_native, id=16600, stack(0x000000b174f00000,0x000000b175000000)]
  0x00000233c9d9a8c0 JavaThread "Cancel handler" [_thread_blocked, id=6640, stack(0x000000b175000000,0x000000b175100000)]
  0x00000233c9afb300 JavaThread "Daemon worker" [_thread_in_Java, id=17208, stack(0x000000b175100000,0x000000b175200000)]
  0x00000233cab4a5b0 JavaThread "Asynchronous log dispatcher for DefaultDaemonConnection: socket connection from /127.0.0.1:61542 to /127.0.0.1:61543" [_thread_blocked, id=14592, stack(0x000000b175200000,0x000000b175300000)]
  0x00000233c9244850 JavaThread "Stdin handler" [_thread_blocked, id=22796, stack(0x000000b175300000,0x000000b175400000)]
  0x00000233c9244d20 JavaThread "Daemon client event forwarder" [_thread_blocked, id=15596, stack(0x000000b175400000,0x000000b175500000)]
  0x00000233c92456c0 JavaThread "Cache worker for journal cache (C:\Users\dell\.gradle\caches\journal-1)" [_thread_blocked, id=10752, stack(0x000000b175500000,0x000000b175600000)]
  0x00000233c9243040 JavaThread "File lock request listener" [_thread_in_native, id=8820, stack(0x000000b175600000,0x000000b175700000)]
  0x00000233c92439e0 JavaThread "Cache worker for file hash cache (C:\Users\dell\.gradle\caches\8.0\fileHashes)" [_thread_blocked, id=6044, stack(0x000000b175700000,0x000000b175800000)]
  0x00000233c92451f0 JavaThread "File watcher server" daemon [_thread_in_native, id=23540, stack(0x000000b175800000,0x000000b175900000)]
  0x00000233c9244380 JavaThread "File watcher consumer" daemon [_thread_blocked, id=11492, stack(0x000000b175900000,0x000000b175a00000)]
  0x00000233c9246a00 JavaThread "Cache worker for checksums cache (C:\Users\dell\AndroidStudioProjects\Tip\.gradle\8.0\checksums)" [_thread_blocked, id=11428, stack(0x000000b175a00000,0x000000b175b00000)]
  0x00000233c9243510 JavaThread "Cache worker for cache directory md-rule (C:\Users\dell\.gradle\caches\8.0\md-rule)" [_thread_blocked, id=20636, stack(0x000000b175b00000,0x000000b175c00000)]
  0x00000233c9245b90 JavaThread "Cache worker for file content cache (C:\Users\dell\.gradle\caches\8.0\fileContent)" [_thread_blocked, id=11716, stack(0x000000b175c00000,0x000000b175d00000)]
  0x00000233c9246060 JavaThread "Cache worker for file hash cache (C:\Users\dell\AndroidStudioProjects\Tip\.gradle\8.0\fileHashes)" [_thread_blocked, id=23248, stack(0x000000b175d00000,0x000000b175e00000)]
  0x00000233c9246530 JavaThread "Cache worker for cache directory md-supplier (C:\Users\dell\.gradle\caches\8.0\md-supplier)" [_thread_blocked, id=10740, stack(0x000000b175e00000,0x000000b175f00000)]
  0x00000233c9b828f0 JavaThread "Cache worker for execution history cache (C:\Users\dell\.gradle\caches\8.0\executionHistory)" [_thread_blocked, id=10832, stack(0x000000b175f00000,0x000000b176000000)]
  0x00000233c9b83760 JavaThread "jar transforms" [_thread_blocked, id=5068, stack(0x000000b176000000,0x000000b176100000)]
  0x00000233c9b83290 JavaThread "jar transforms Thread 2" [_thread_blocked, id=16132, stack(0x000000b176100000,0x000000b176200000)]
  0x00000233c9b83c30 JavaThread "Cache worker for kotlin-dsl (C:\Users\dell\.gradle\caches\8.0\kotlin-dsl)" [_thread_blocked, id=1280, stack(0x000000b176400000,0x000000b176500000)]
  0x00000233c9b84100 JavaThread "jar transforms Thread 3" [_thread_blocked, id=15264, stack(0x000000b176500000,0x000000b176600000)]
  0x00000233c9b85de0 JavaThread "jar transforms Thread 4" [_thread_blocked, id=22560, stack(0x000000b176600000,0x000000b176700000)]
  0x00000233c9b87120 JavaThread "Cache worker for dependencies-accessors (C:\Users\dell\AndroidStudioProjects\Tip\.gradle\8.0\dependencies-accessors)" [_thread_blocked, id=20424, stack(0x000000b176700000,0x000000b176800000)]
  0x00000233c9b84aa0 JavaThread "Cache worker for Build Output Cleanup Cache (C:\Users\dell\AndroidStudioProjects\Tip\.gradle\buildOutputCleanup)" [_thread_blocked, id=2552, stack(0x000000b176800000,0x000000b176900000)]
  0x00000233c9b862b0 JavaThread "Unconstrained build operations" [_thread_blocked, id=18320, stack(0x000000b176900000,0x000000b176a00000)]
  0x00000233c9b86780 JavaThread "Unconstrained build operations Thread 2" [_thread_blocked, id=5988, stack(0x000000b176a00000,0x000000b176b00000)]
  0x00000233c9b875f0 JavaThread "Unconstrained build operations Thread 3" [_thread_blocked, id=22024, stack(0x000000b176b00000,0x000000b176c00000)]
  0x00000233c9b87ac0 JavaThread "Unconstrained build operations Thread 4" [_thread_blocked, id=23904, stack(0x000000b176c00000,0x000000b176d00000)]
  0x00000233c9b87f90 JavaThread "Unconstrained build operations Thread 5" [_thread_blocked, id=23572, stack(0x000000b176d00000,0x000000b176e00000)]
  0x00000233c9b80740 JavaThread "Unconstrained build operations Thread 6" [_thread_blocked, id=2348, stack(0x000000b176e00000,0x000000b176f00000)]
  0x00000233c9b80c10 JavaThread "Unconstrained build operations Thread 7" [_thread_blocked, id=18980, stack(0x000000b176f00000,0x000000b177000000)]
  0x00000233c9b815b0 JavaThread "Unconstrained build operations Thread 8" [_thread_blocked, id=23608, stack(0x000000b177000000,0x000000b177100000)]
  0x00000233c9b810e0 JavaThread "Unconstrained build operations Thread 9" [_thread_blocked, id=24036, stack(0x000000b177100000,0x000000b177200000)]
  0x00000233c9b81a80 JavaThread "Unconstrained build operations Thread 10" [_thread_blocked, id=2216, stack(0x000000b177200000,0x000000b177300000)]
  0x00000233c9b81f50 JavaThread "Unconstrained build operations Thread 11" [_thread_blocked, id=17896, stack(0x000000b177300000,0x000000b177400000)]
  0x00000233cf8513a0 JavaThread "Unconstrained build operations Thread 12" [_thread_blocked, id=1160, stack(0x000000b177400000,0x000000b177500000)]
  0x00000233cf853550 JavaThread "Unconstrained build operations Thread 13" [_thread_blocked, id=7360, stack(0x000000b177500000,0x000000b177600000)]
  0x00000233cf853a20 JavaThread "Unconstrained build operations Thread 14" [_thread_blocked, id=16736, stack(0x000000b177600000,0x000000b177700000)]
  0x00000233cf852bb0 JavaThread "Unconstrained build operations Thread 15" [_thread_blocked, id=22328, stack(0x000000b177700000,0x000000b177800000)]
  0x00000233cf853080 JavaThread "Unconstrained build operations Thread 16" [_thread_blocked, id=9556, stack(0x000000b177800000,0x000000b177900000)]
  0x00000233cf851870 JavaThread "Unconstrained build operations Thread 17" [_thread_blocked, id=17960, stack(0x000000b177900000,0x000000b177a00000)]
  0x00000233cf850060 JavaThread "Unconstrained build operations Thread 18" [_thread_blocked, id=22444, stack(0x000000b177a00000,0x000000b177b00000)]
  0x00000233cf850530 JavaThread "Unconstrained build operations Thread 19" [_thread_blocked, id=4160, stack(0x000000b177b00000,0x000000b177c00000)]
  0x00000233cf850a00 JavaThread "Unconstrained build operations Thread 20" [_thread_blocked, id=22648, stack(0x000000b177c00000,0x000000b177d00000)]
  0x00000233cf850ed0 JavaThread "Unconstrained build operations Thread 21" [_thread_blocked, id=22104, stack(0x000000b177d00000,0x000000b177e00000)]
  0x00000233cf851d40 JavaThread "Unconstrained build operations Thread 22" [_thread_blocked, id=7460, stack(0x000000b177e00000,0x000000b177f00000)]
  0x00000233cf8526e0 JavaThread "Unconstrained build operations Thread 23" [_thread_blocked, id=20748, stack(0x000000b177f00000,0x000000b178000000)]
  0x00000233cf852210 JavaThread "Unconstrained build operations Thread 24" [_thread_blocked, id=7816, stack(0x000000b178000000,0x000000b178100000)]
  0x00000233c8a54f10 JavaThread "Unconstrained build operations Thread 25" [_thread_blocked, id=19840, stack(0x000000b178100000,0x000000b178200000)]
  0x00000233c8a506e0 JavaThread "Unconstrained build operations Thread 26" [_thread_blocked, id=23680, stack(0x000000b178200000,0x000000b178300000)]
  0x00000233c8a51550 JavaThread "Unconstrained build operations Thread 27" [_thread_blocked, id=4616, stack(0x000000b178300000,0x000000b178400000)]
  0x00000233c8a51a20 JavaThread "Unconstrained build operations Thread 28" [_thread_blocked, id=23076, stack(0x000000b178400000,0x000000b178500000)]
  0x00000233c8a553e0 JavaThread "Unconstrained build operations Thread 29" [_thread_blocked, id=8344, stack(0x000000b178500000,0x000000b178600000)]
  0x00000233c8a523c0 JavaThread "Unconstrained build operations Thread 30" [_thread_blocked, id=15976, stack(0x000000b178600000,0x000000b178700000)]
  0x00000233c8a54570 JavaThread "Unconstrained build operations Thread 31" [_thread_blocked, id=17284, stack(0x000000b178700000,0x000000b178800000)]
  0x00000233c8a54a40 JavaThread "Unconstrained build operations Thread 32" [_thread_blocked, id=20408, stack(0x000000b178800000,0x000000b178900000)]
  0x00000233c8a51ef0 JavaThread "Unconstrained build operations Thread 33" [_thread_blocked, id=24068, stack(0x000000b178900000,0x000000b178a00000)]
  0x00000233c8a4f870 JavaThread "Unconstrained build operations Thread 34" [_thread_blocked, id=5108, stack(0x000000b178a00000,0x000000b178b00000)]
  0x00000233c8a4fd40 JavaThread "Unconstrained build operations Thread 35" [_thread_blocked, id=21964, stack(0x000000b178b00000,0x000000b178c00000)]
  0x00000233c8a558b0 JavaThread "Unconstrained build operations Thread 36" [_thread_blocked, id=2236, stack(0x000000b178c00000,0x000000b178d00000)]
  0x00000233c8a51080 JavaThread "Unconstrained build operations Thread 37" [_thread_blocked, id=8268, stack(0x000000b178d00000,0x000000b178e00000)]
  0x00000233c8a4eed0 JavaThread "Unconstrained build operations Thread 38" [_thread_blocked, id=2276, stack(0x000000b178e00000,0x000000b178f00000)]
  0x00000233c8a540a0 JavaThread "Unconstrained build operations Thread 39" [_thread_blocked, id=9664, stack(0x000000b178f00000,0x000000b179000000)]
  0x00000233c8a53230 JavaThread "Unconstrained build operations Thread 40" [_thread_blocked, id=8904, stack(0x000000b179000000,0x000000b179100000)]

Other Threads:
  0x00000233c7888170 VMThread "VM Thread" [stack: 0x000000b173b00000,0x000000b173c00000] [id=2804]
  0x00000233c859ae20 WatcherThread [stack: 0x000000b174700000,0x000000b174800000] [id=19344]
  0x00000233ae3277e0 GCTaskThread "GC Thread#0" [stack: 0x000000b173600000,0x000000b173700000] [id=23748]
  0x00000233c87978d0 GCTaskThread "GC Thread#1" [stack: 0x000000b174800000,0x000000b174900000] [id=16192]
  0x00000233c8797b80 GCTaskThread "GC Thread#2" [stack: 0x000000b174900000,0x000000b174a00000] [id=22792]
  0x00000233c92aec10 GCTaskThread "GC Thread#3" [stack: 0x000000b174a00000,0x000000b174b00000] [id=1344]
  0x00000233ae338630 ConcurrentGCThread "G1 Main Marker" [stack: 0x000000b173700000,0x000000b173800000] [id=22456]
  0x00000233ae338f50 ConcurrentGCThread "G1 Conc#0" [stack: 0x000000b173800000,0x000000b173900000] [id=14800]
  0x00000233ae39d600 ConcurrentGCThread "G1 Refine#0" [stack: 0x000000b173900000,0x000000b173a00000] [id=6476]
  0x00000233cb1f4c10 ConcurrentGCThread "G1 Refine#1" [stack: 0x000000b176200000,0x000000b176300000] [id=14584]
  0x00000233c984b210 ConcurrentGCThread "G1 Refine#2" [stack: 0x000000b176300000,0x000000b176400000] [id=11572]
  0x00000233c76f20a0 ConcurrentGCThread "G1 Service" [stack: 0x000000b173a00000,0x000000b173b00000] [id=672]

Threads with active compile tasks:
C2 CompilerThread0    40480 6509   !   4       java.util.zip.ZipFile$Source::readFullyAt (74 bytes)
C1 CompilerThread0    40480 6590   !   3       jdk.internal.misc.ScopedMemoryAccess::copyMemoryInternal (60 bytes)

VM state: not at safepoint (normal execution)

VM Mutex/Monitor currently owned by a thread:  ([mutex/lock_event])
[0x00000233ae2c2d30] CodeCache_lock - owner thread: 0x0000000000000000
[0x00000233ae2c5120] CompileStatistics_lock - owner thread: 0x0000000000000000

OutOfMemory and StackOverflow Exception counts:
OutOfMemoryError java_heap_errors=1
LinkageErrors=112

Heap address: 0x0000000080000000, size: 2048 MB, Compressed Oops mode: 32-bit

CDS archive(s) not mapped
Compressed class space mapped at: 0x0000000100000000-0x0000000140000000, reserved size: 1073741824
Narrow klass base: 0x0000000000000000, Narrow klass shift: 3, Narrow klass range: 0x140000000

GC Precious Log:
 CPUs: 4 total, 4 available
 Memory: 8083M
 Large Page Support: Disabled
 NUMA Support: Disabled
 Compressed Oops: Enabled (32-bit)
 Heap Region Size: 1M
 Heap Min Capacity: 8M
 Heap Initial Capacity: 128M
 Heap Max Capacity: 2G
 Pre-touch: Disabled
 Parallel Workers: 4
 Concurrent Workers: 1
 Concurrent Refinement Workers: 4
 Periodic GC: Disabled

Heap:
 garbage-first heap   total 71680K, used 50577K [0x0000000080000000, 0x0000000100000000)
  region size 1024K, 9 young (9216K), 3 survivors (3072K)
 Metaspace       used 60677K, committed 61248K, reserved 1105920K
  class space    used 8028K, committed 8320K, reserved 1048576K

Heap Regions: E=young(eden), S=young(survivor), O=old, HS=humongous(starts), HC=humongous(continues), CS=collection set, F=free, OA=open archive, CA=closed archive, TAMS=top-at-mark-start (previous, next)
|   0|0x0000000080000000, 0x0000000080100000, 0x0000000080100000|100%| O|  |TAMS 0x0000000080100000, 0x0000000080000000| Untracked 
|   1|0x0000000080100000, 0x0000000080200000, 0x0000000080200000|100%| O|  |TAMS 0x0000000080200000, 0x0000000080100000| Untracked 
|   2|0x0000000080200000, 0x0000000080300000, 0x0000000080300000|100%|HS|  |TAMS 0x0000000080300000, 0x0000000080200000| Complete 
|   3|0x0000000080300000, 0x0000000080400000, 0x0000000080400000|100%|HC|  |TAMS 0x0000000080400000, 0x0000000080300000| Complete 
|   4|0x0000000080400000, 0x0000000080500000, 0x0000000080500000|100%|HC|  |TAMS 0x0000000080500000, 0x0000000080400000| Complete 
|   5|0x0000000080500000, 0x0000000080600000, 0x0000000080600000|100%|HC|  |TAMS 0x0000000080600000, 0x0000000080500000| Complete 
|   6|0x0000000080600000, 0x0000000080700000, 0x0000000080700000|100%| O|  |TAMS 0x0000000080700000, 0x0000000080600000| Untracked 
|   7|0x0000000080700000, 0x0000000080800000, 0x0000000080800000|100%| O|  |TAMS 0x0000000080800000, 0x0000000080700000| Untracked 
|   8|0x0000000080800000, 0x0000000080900000, 0x0000000080900000|100%| O|  |TAMS 0x0000000080900000, 0x0000000080800000| Untracked 
|   9|0x0000000080900000, 0x0000000080a00000, 0x0000000080a00000|100%| O|  |TAMS 0x0000000080a00000, 0x0000000080900000| Untracked 
|  10|0x0000000080a00000, 0x0000000080b00000, 0x0000000080b00000|100%| O|  |TAMS 0x0000000080b00000, 0x0000000080a00000| Untracked 
|  11|0x0000000080b00000, 0x0000000080c00000, 0x0000000080c00000|100%|HS|  |TAMS 0x0000000080b00000, 0x0000000080b00000| Complete 
|  12|0x0000000080c00000, 0x0000000080d00000, 0x0000000080d00000|100%| O|  |TAMS 0x0000000080d00000, 0x0000000080c00000| Untracked 
|  13|0x0000000080d00000, 0x0000000080e00000, 0x0000000080e00000|100%| O|  |TAMS 0x0000000080e00000, 0x0000000080d00000| Untracked 
|  14|0x0000000080e00000, 0x0000000080f00000, 0x0000000080f00000|100%| O|  |TAMS 0x0000000080f00000, 0x0000000080e00000| Untracked 
|  15|0x0000000080f00000, 0x0000000081000000, 0x0000000081000000|100%| O|  |TAMS 0x0000000081000000, 0x0000000080f00000| Untracked 
|  16|0x0000000081000000, 0x0000000081100000, 0x0000000081100000|100%| O|  |TAMS 0x0000000081100000, 0x0000000081000000| Untracked 
|  17|0x0000000081100000, 0x0000000081200000, 0x0000000081200000|100%| O|  |TAMS 0x0000000081200000, 0x0000000081100000| Untracked 
|  18|0x0000000081200000, 0x0000000081300000, 0x0000000081300000|100%| O|  |TAMS 0x0000000081300000, 0x0000000081200000| Untracked 
|  19|0x0000000081300000, 0x0000000081400000, 0x0000000081400000|100%| O|  |TAMS 0x0000000081400000, 0x0000000081300000| Untracked 
|  20|0x0000000081400000, 0x0000000081500000, 0x0000000081500000|100%| O|  |TAMS 0x0000000081500000, 0x0000000081400000| Untracked 
|  21|0x0000000081500000, 0x0000000081600000, 0x0000000081600000|100%| O|  |TAMS 0x0000000081600000, 0x0000000081500000| Untracked 
|  22|0x0000000081600000, 0x0000000081700000, 0x0000000081700000|100%| O|  |TAMS 0x0000000081700000, 0x0000000081600000| Untracked 
|  23|0x0000000081700000, 0x0000000081800000, 0x0000000081800000|100%| O|  |TAMS 0x0000000081800000, 0x0000000081700000| Complete 
|  24|0x0000000081800000, 0x0000000081900000, 0x0000000081900000|100%| O|  |TAMS 0x0000000081900000, 0x0000000081800000| Untracked 
|  25|0x0000000081900000, 0x0000000081a00000, 0x0000000081a00000|100%| O|  |TAMS 0x0000000081a00000, 0x0000000081900000| Untracked 
|  26|0x0000000081a00000, 0x0000000081b00000, 0x0000000081b00000|100%| O|  |TAMS 0x0000000081b00000, 0x0000000081a00000| Untracked 
|  27|0x0000000081b00000, 0x0000000081c00000, 0x0000000081c00000|100%| O|  |TAMS 0x0000000081c00000, 0x0000000081b00000| Untracked 
|  28|0x0000000081c00000, 0x0000000081d00000, 0x0000000081d00000|100%| O|  |TAMS 0x0000000081d00000, 0x0000000081c00000| Untracked 
|  29|0x0000000081d00000, 0x0000000081e00000, 0x0000000081e00000|100%| O|  |TAMS 0x0000000081e00000, 0x0000000081d00000| Untracked 
|  30|0x0000000081e00000, 0x0000000081f00000, 0x0000000081f00000|100%| O|  |TAMS 0x0000000081f00000, 0x0000000081e00000| Untracked 
|  31|0x0000000081f00000, 0x0000000082000000, 0x0000000082000000|100%| O|  |TAMS 0x0000000082000000, 0x0000000081f00000| Untracked 
|  32|0x0000000082000000, 0x0000000082100000, 0x0000000082100000|100%| O|  |TAMS 0x0000000082100000, 0x0000000082000000| Untracked 
|  33|0x0000000082100000, 0x0000000082200000, 0x0000000082200000|100%| O|  |TAMS 0x0000000082200000, 0x0000000082100000| Untracked 
|  34|0x0000000082200000, 0x0000000082300000, 0x0000000082300000|100%| O|  |TAMS 0x0000000082300000, 0x0000000082200000| Untracked 
|  35|0x0000000082300000, 0x0000000082400000, 0x0000000082400000|100%| O|  |TAMS 0x0000000082400000, 0x0000000082300000| Untracked 
|  36|0x0000000082400000, 0x0000000082500000, 0x0000000082500000|100%| O|  |TAMS 0x0000000082500000, 0x0000000082400000| Untracked 
|  37|0x0000000082500000, 0x000000008259d400, 0x0000000082600000| 61%| O|  |TAMS 0x000000008259d400, 0x0000000082500000| Untracked 
|  38|0x0000000082600000, 0x0000000082700000, 0x0000000082700000|100%|HS|  |TAMS 0x0000000082600000, 0x0000000082600000| Complete 
|  39|0x0000000082700000, 0x0000000082800000, 0x0000000082800000|100%|HS|  |TAMS 0x0000000082700000, 0x0000000082700000| Complete 
|  40|0x0000000082800000, 0x0000000082900000, 0x0000000082900000|100%|HC|  |TAMS 0x0000000082800000, 0x0000000082800000| Complete 
|  41|0x0000000082900000, 0x0000000082a00000, 0x0000000082a00000|100%|HS|  |TAMS 0x0000000082900000, 0x0000000082900000| Complete 
|  42|0x0000000082a00000, 0x0000000082a00000, 0x0000000082b00000|  0%| F|  |TAMS 0x0000000082a00000, 0x0000000082a00000| Untracked 
|  43|0x0000000082b00000, 0x0000000082b00000, 0x0000000082c00000|  0%| F|  |TAMS 0x0000000082b00000, 0x0000000082b00000| Untracked 
|  44|0x0000000082c00000, 0x0000000082c00000, 0x0000000082d00000|  0%| F|  |TAMS 0x0000000082c00000, 0x0000000082c00000| Untracked 
|  45|0x0000000082d00000, 0x0000000082d00000, 0x0000000082e00000|  0%| F|  |TAMS 0x0000000082d00000, 0x0000000082d00000| Untracked 
|  46|0x0000000082e00000, 0x0000000082e00000, 0x0000000082f00000|  0%| F|  |TAMS 0x0000000082e00000, 0x0000000082e00000| Untracked 
|  47|0x0000000082f00000, 0x0000000082f00000, 0x0000000083000000|  0%| F|  |TAMS 0x0000000082f00000, 0x0000000082f00000| Untracked 
|  48|0x0000000083000000, 0x0000000083000000, 0x0000000083100000|  0%| F|  |TAMS 0x0000000083000000, 0x0000000083000000| Untracked 
|  49|0x0000000083100000, 0x0000000083100000, 0x0000000083200000|  0%| F|  |TAMS 0x0000000083100000, 0x0000000083100000| Untracked 
|  50|0x0000000083200000, 0x0000000083200000, 0x0000000083300000|  0%| F|  |TAMS 0x0000000083200000, 0x0000000083200000| Untracked 
|  51|0x0000000083300000, 0x0000000083300000, 0x0000000083400000|  0%| F|  |TAMS 0x0000000083300000, 0x0000000083300000| Untracked 
|  52|0x0000000083400000, 0x00000000834c7128, 0x0000000083500000| 77%| S|CS|TAMS 0x0000000083400000, 0x0000000083400000| Complete 
|  53|0x0000000083500000, 0x0000000083600000, 0x0000000083600000|100%| S|CS|TAMS 0x0000000083500000, 0x0000000083500000| Complete 
|  54|0x0000000083600000, 0x0000000083700000, 0x0000000083700000|100%| S|CS|TAMS 0x0000000083600000, 0x0000000083600000| Complete 
|  55|0x0000000083700000, 0x0000000083700000, 0x0000000083800000|  0%| F|  |TAMS 0x0000000083700000, 0x0000000083700000| Untracked 
|  56|0x0000000083800000, 0x0000000083800000, 0x0000000083900000|  0%| F|  |TAMS 0x0000000083800000, 0x0000000083800000| Untracked 
|  57|0x0000000083900000, 0x0000000083900000, 0x0000000083a00000|  0%| F|  |TAMS 0x0000000083900000, 0x0000000083900000| Untracked 
|  58|0x0000000083a00000, 0x0000000083a00000, 0x0000000083b00000|  0%| F|  |TAMS 0x0000000083a00000, 0x0000000083a00000| Untracked 
|  59|0x0000000083b00000, 0x0000000083b00000, 0x0000000083c00000|  0%| F|  |TAMS 0x0000000083b00000, 0x0000000083b00000| Untracked 
|  60|0x0000000083c00000, 0x0000000083c00000, 0x0000000083d00000|  0%| F|  |TAMS 0x0000000083c00000, 0x0000000083c00000| Untracked 
|  78|0x0000000084e00000, 0x0000000084e00000, 0x0000000084f00000|  0%| F|  |TAMS 0x0000000084e00000, 0x0000000084e00000| Untracked 
|  79|0x0000000084f00000, 0x0000000084f00000, 0x0000000085000000|  0%| F|  |TAMS 0x0000000084f00000, 0x0000000084f00000| Untracked 
|  80|0x0000000085000000, 0x0000000085000000, 0x0000000085100000|  0%| F|  |TAMS 0x0000000085000000, 0x0000000085000000| Untracked 
|  81|0x0000000085100000, 0x00000000851697a8, 0x0000000085200000| 41%| E|  |TAMS 0x0000000085100000, 0x0000000085100000| Complete 
|  82|0x0000000085200000, 0x0000000085300000, 0x0000000085300000|100%| E|CS|TAMS 0x0000000085200000, 0x0000000085200000| Complete 
|  83|0x0000000085300000, 0x0000000085400000, 0x0000000085400000|100%| E|CS|TAMS 0x0000000085300000, 0x0000000085300000| Complete 
|  84|0x0000000085400000, 0x0000000085500000, 0x0000000085500000|100%| E|CS|TAMS 0x0000000085400000, 0x0000000085400000| Complete 
|  85|0x0000000085500000, 0x0000000085600000, 0x0000000085600000|100%| E|CS|TAMS 0x0000000085500000, 0x0000000085500000| Complete 
| 127|0x0000000087f00000, 0x0000000088000000, 0x0000000088000000|100%| E|CS|TAMS 0x0000000087f00000, 0x0000000087f00000| Complete 

Card table byte_map: [0x00000233c0ba0000,0x00000233c0fa0000] _byte_map_base: 0x00000233c07a0000

Marking Bits (Prev, Next): (CMBitMap*) 0x00000233ae327d40, (CMBitMap*) 0x00000233ae327d00
 Prev Bits: [0x00000233c33a0000, 0x00000233c53a0000)
 Next Bits: [0x00000233c13a0000, 0x00000233c33a0000)

Polling page: 0x00000233ac230000

Metaspace:

Usage:
  Non-class:     51.42 MB used.
      Class:      7.84 MB used.
       Both:     59.26 MB used.

Virtual space:
  Non-class space:       56.00 MB reserved,      51.69 MB ( 92%) committed,  7 nodes.
      Class space:        1.00 GB reserved,       8.12 MB ( <1%) committed,  1 nodes.
             Both:        1.05 GB reserved,      59.81 MB (  6%) committed. 

Chunk freelists:
   Non-Class:  224.00 KB
       Class:  3.92 MB
        Both:  4.14 MB

MaxMetaspaceSize: unlimited
CompressedClassSpaceSize: 1.00 GB
Initial GC threshold: 21.00 MB
Current GC threshold: 99.19 MB
CDS: off
MetaspaceReclaimPolicy: balanced
 - commit_granule_bytes: 65536.
 - commit_granule_words: 8192.
 - virtual_space_node_default_size: 1048576.
 - enlarge_chunks_in_place: 1.
 - new_chunks_are_fully_committed: 0.
 - uncommit_free_chunks: 1.
 - use_allocation_guard: 0.
 - handle_deallocations: 1.


Internal statistics:

num_allocs_failed_limit: 6.
num_arena_births: 616.
num_arena_deaths: 0.
num_vsnodes_births: 8.
num_vsnodes_deaths: 0.
num_space_committed: 957.
num_space_uncommitted: 0.
num_chunks_returned_to_freelist: 6.
num_chunks_taken_from_freelist: 2437.
num_chunk_merges: 6.
num_chunk_splits: 1616.
num_chunks_enlarged: 1110.
num_purges: 0.
num_inconsistent_stats: 0.

CodeHeap 'non-profiled nmethods': size=120000Kb used=2636Kb max_used=3297Kb free=117363Kb
 bounds [0x00000233b9270000, 0x00000233b95b0000, 0x00000233c07a0000]
CodeHeap 'profiled nmethods': size=120000Kb used=10778Kb max_used=11731Kb free=109222Kb
 bounds [0x00000233b17a0000, 0x00000233b2320000, 0x00000233b8cd0000]
CodeHeap 'non-nmethods': size=5760Kb used=2362Kb max_used=2414Kb free=3397Kb
 bounds [0x00000233b8cd0000, 0x00000233b8f50000, 0x00000233b9270000]
 total_blobs=6611 nmethods=5721 adapters=801
 compilation: enabled
              stopped_count=0, restarted_count=0
 full_count=0

Compilation events (20 events):
Event: 39.759 Thread 0x00000233c840d700 6500       3       javax.management.ObjectName::<init> (15 bytes)
Event: 39.759 Thread 0x00000233c840d700 nmethod 6500 0x00000233b17f6110 code [0x00000233b17f62c0, 0x00000233b17f6468]
Event: 39.759 Thread 0x00000233c840d700 6501       3       sun.management.Util::newObjectName (11 bytes)
Event: 39.761 Thread 0x00000233c8409de0 nmethod 6498 0x00000233b944af10 code [0x00000233b944b0a0, 0x00000233b944b1b8]
Event: 39.761 Thread 0x00000233c840d700 nmethod 6501 0x00000233b1b8d790 code [0x00000233b1b8dba0, 0x00000233b1b8fef8]
Event: 40.354 Thread 0x00000233c840d700 6502       3       java.util.jar.Manifest::read (415 bytes)
Event: 40.355 Thread 0x00000233c8409de0 6503       4       java.lang.String::indexOf (64 bytes)
Event: 40.357 Thread 0x00000233c8409de0 nmethod 6503 0x00000233b9493590 code [0x00000233b9493700, 0x00000233b9493a98]
Event: 40.358 Thread 0x00000233c840d700 nmethod 6502 0x00000233b17ec510 code [0x00000233b17eca20, 0x00000233b17ef138]
Event: 40.358 Thread 0x00000233c840d700 6507   !   3       jdk.internal.loader.URLClassPath$JarLoader$1::run (175 bytes)
Event: 40.359 Thread 0x00000233c840d700 nmethod 6507 0x00000233b1b6b110 code [0x00000233b1b6b340, 0x00000233b1b6ba98]
Event: 40.359 Thread 0x00000233c840d700 6506       3       jdk.internal.loader.URLClassPath$Loader::<init> (10 bytes)
Event: 40.359 Thread 0x00000233c840d700 nmethod 6506 0x00000233b17fee10 code [0x00000233b17fefa0, 0x00000233b17ff158]
Event: 40.359 Thread 0x00000233c840d700 6508       3       jdk.internal.loader.URLClassPath$JarLoader::getJarFile (102 bytes)
Event: 40.360 Thread 0x00000233c840d700 nmethod 6508 0x00000233b1823510 code [0x00000233b18237e0, 0x00000233b18244a8]
Event: 40.360 Thread 0x00000233c840d700 6504       3       jdk.internal.loader.URLClassPath$3::run (172 bytes)
Event: 40.362 Thread 0x00000233c840d700 nmethod 6504 0x00000233b1dd7e90 code [0x00000233b1dd81c0, 0x00000233b1dd9348]
Event: 40.362 Thread 0x00000233c840d700 6505       3       jdk.internal.loader.URLClassPath$JarLoader::<init> (67 bytes)
Event: 40.363 Thread 0x00000233c840d700 nmethod 6505 0x00000233b18e2b90 code [0x00000233b18e2e20, 0x00000233b18e3a18]
Event: 40.373 Thread 0x00000233c8409de0 6509   !   4       java.util.zip.ZipFile$Source::readFullyAt (74 bytes)

GC Heap History (20 events):
Event: 20.868 GC heap before
{Heap before GC invocations=10 (full 0):
 garbage-first heap   total 68608K, used 47800K [0x0000000080000000, 0x0000000100000000)
  region size 1024K, 27 young (27648K), 3 survivors (3072K)
 Metaspace       used 40491K, committed 40832K, reserved 1089536K
  class space    used 5361K, committed 5504K, reserved 1048576K
}
Event: 20.877 GC heap after
{Heap after GC invocations=11 (full 0):
 garbage-first heap   total 68608K, used 28378K [0x0000000080000000, 0x0000000100000000)
  region size 1024K, 4 young (4096K), 4 survivors (4096K)
 Metaspace       used 40491K, committed 40832K, reserved 1089536K
  class space    used 5361K, committed 5504K, reserved 1048576K
}
Event: 22.477 GC heap before
{Heap before GC invocations=11 (full 0):
 garbage-first heap   total 68608K, used 52954K [0x0000000080000000, 0x0000000100000000)
  region size 1024K, 25 young (25600K), 4 survivors (4096K)
 Metaspace       used 42858K, committed 43200K, reserved 1089536K
  class space    used 5611K, committed 5760K, reserved 1048576K
}
Event: 22.484 GC heap after
{Heap after GC invocations=12 (full 0):
 garbage-first heap   total 68608K, used 29603K [0x0000000080000000, 0x0000000100000000)
  region size 1024K, 3 young (3072K), 3 survivors (3072K)
 Metaspace       used 42858K, committed 43200K, reserved 1089536K
  class space    used 5611K, committed 5760K, reserved 1048576K
}
Event: 23.691 GC heap before
{Heap before GC invocations=12 (full 0):
 garbage-first heap   total 68608K, used 50083K [0x0000000080000000, 0x0000000100000000)
  region size 1024K, 23 young (23552K), 3 survivors (3072K)
 Metaspace       used 44734K, committed 45184K, reserved 1089536K
  class space    used 5798K, committed 6016K, reserved 1048576K
}
Event: 23.697 GC heap after
{Heap after GC invocations=13 (full 0):
 garbage-first heap   total 68608K, used 31051K [0x0000000080000000, 0x0000000100000000)
  region size 1024K, 2 young (2048K), 2 survivors (2048K)
 Metaspace       used 44734K, committed 45184K, reserved 1089536K
  class space    used 5798K, committed 6016K, reserved 1048576K
}
Event: 25.814 GC heap before
{Heap before GC invocations=13 (full 0):
 garbage-first heap   total 68608K, used 51531K [0x0000000080000000, 0x0000000100000000)
  region size 1024K, 22 young (22528K), 2 survivors (2048K)
 Metaspace       used 47296K, committed 47744K, reserved 1097728K
  class space    used 6225K, committed 6464K, reserved 1048576K
}
Event: 25.820 GC heap after
{Heap after GC invocations=14 (full 0):
 garbage-first heap   total 68608K, used 32254K [0x0000000080000000, 0x0000000100000000)
  region size 1024K, 3 young (3072K), 3 survivors (3072K)
 Metaspace       used 47296K, committed 47744K, reserved 1097728K
  class space    used 6225K, committed 6464K, reserved 1048576K
}
Event: 26.756 GC heap before
{Heap before GC invocations=14 (full 0):
 garbage-first heap   total 68608K, used 52734K [0x0000000080000000, 0x0000000100000000)
  region size 1024K, 23 young (23552K), 3 survivors (3072K)
 Metaspace       used 50221K, committed 50688K, reserved 1097728K
  class space    used 6701K, committed 6912K, reserved 1048576K
}
Event: 26.762 GC heap after
{Heap after GC invocations=15 (full 0):
 garbage-first heap   total 68608K, used 33471K [0x0000000080000000, 0x0000000100000000)
  region size 1024K, 3 young (3072K), 3 survivors (3072K)
 Metaspace       used 50221K, committed 50688K, reserved 1097728K
  class space    used 6701K, committed 6912K, reserved 1048576K
}
Event: 28.665 GC heap before
{Heap before GC invocations=15 (full 0):
 garbage-first heap   total 68608K, used 53951K [0x0000000080000000, 0x0000000100000000)
  region size 1024K, 23 young (23552K), 3 survivors (3072K)
 Metaspace       used 52522K, committed 52992K, reserved 1097728K
  class space    used 7025K, committed 7232K, reserved 1048576K
}
Event: 28.674 GC heap after
{Heap after GC invocations=16 (full 0):
 garbage-first heap   total 68608K, used 34868K [0x0000000080000000, 0x0000000100000000)
  region size 1024K, 3 young (3072K), 3 survivors (3072K)
 Metaspace       used 52522K, committed 52992K, reserved 1097728K
  class space    used 7025K, committed 7232K, reserved 1048576K
}
Event: 32.235 GC heap before
{Heap before GC invocations=17 (full 0):
 garbage-first heap   total 68608K, used 54324K [0x0000000080000000, 0x0000000100000000)
  region size 1024K, 22 young (22528K), 3 survivors (3072K)
 Metaspace       used 56577K, committed 57088K, reserved 1105920K
  class space    used 7499K, committed 7744K, reserved 1048576K
}
Event: 32.242 GC heap after
{Heap after GC invocations=18 (full 0):
 garbage-first heap   total 68608K, used 37470K [0x0000000080000000, 0x0000000100000000)
  region size 1024K, 3 young (3072K), 3 survivors (3072K)
 Metaspace       used 56577K, committed 57088K, reserved 1105920K
  class space    used 7499K, committed 7744K, reserved 1048576K
}
Event: 32.300 GC heap before
{Heap before GC invocations=18 (full 0):
 garbage-first heap   total 68608K, used 38494K [0x0000000080000000, 0x0000000100000000)
  region size 1024K, 4 young (4096K), 3 survivors (3072K)
 Metaspace       used 56696K, committed 57152K, reserved 1105920K
  class space    used 7519K, committed 7744K, reserved 1048576K
}
Event: 32.307 GC heap after
{Heap after GC invocations=19 (full 0):
 garbage-first heap   total 68608K, used 37928K [0x0000000080000000, 0x0000000100000000)
  region size 1024K, 1 young (1024K), 1 survivors (1024K)
 Metaspace       used 56696K, committed 57152K, reserved 1105920K
  class space    used 7519K, committed 7744K, reserved 1048576K
}
Event: 35.287 GC heap before
{Heap before GC invocations=19 (full 0):
 garbage-first heap   total 68608K, used 53288K [0x0000000080000000, 0x0000000100000000)
  region size 1024K, 17 young (17408K), 1 survivors (1024K)
 Metaspace       used 59981K, committed 60480K, reserved 1105920K
  class space    used 7956K, committed 8192K, reserved 1048576K
}
Event: 35.292 GC heap after
{Heap after GC invocations=20 (full 0):
 garbage-first heap   total 68608K, used 38974K [0x0000000080000000, 0x0000000100000000)
  region size 1024K, 2 young (2048K), 2 survivors (2048K)
 Metaspace       used 59981K, committed 60480K, reserved 1105920K
  class space    used 7956K, committed 8192K, reserved 1048576K
}
Event: 38.340 GC heap before
{Heap before GC invocations=21 (full 0):
 garbage-first heap   total 70656K, used 52286K [0x0000000080000000, 0x0000000100000000)
  region size 1024K, 16 young (16384K), 2 survivors (2048K)
 Metaspace       used 60385K, committed 60928K, reserved 1105920K
  class space    used 7995K, committed 8256K, reserved 1048576K
}
Event: 38.345 GC heap after
{Heap after GC invocations=22 (full 0):
 garbage-first heap   total 70656K, used 40337K [0x0000000080000000, 0x0000000100000000)
  region size 1024K, 3 young (3072K), 3 survivors (3072K)
 Metaspace       used 60385K, committed 60928K, reserved 1105920K
  class space    used 7995K, committed 8256K, reserved 1048576K
}

Dll operation events (2 events):
Event: 0.062 Loaded shared library C:\Program Files\Android\Android Studio\jbr\bin\java.dll
Event: 2.691 Loaded shared library C:\Program Files\Android\Android Studio\jbr\bin\verify.dll

Deoptimization events (20 events):
Event: 38.307 Thread 0x00000233c9afb300 Uncommon trap: trap_request=0xfffffff4 fr.pc=0x00000233b95173e8 relative=0x0000000000000788
Event: 38.307 Thread 0x00000233c9afb300 Uncommon trap: reason=null_check action=make_not_entrant pc=0x00000233b95173e8 method=org.gradle.util.internal.SimpleMapInterner.intern(Ljava/lang/Object;)Ljava/lang/Object; @ 2 c2
Event: 38.307 Thread 0x00000233c9afb300 DEOPT PACKING pc=0x00000233b95173e8 sp=0x000000b1751f9490
Event: 38.307 Thread 0x00000233c9afb300 DEOPT UNPACKING pc=0x00000233b8d269a3 sp=0x000000b1751f9458 mode 2
Event: 38.307 Thread 0x00000233c9afb300 Uncommon trap: trap_request=0xffffff45 fr.pc=0x00000233b9518a08 relative=0x0000000000000728
Event: 38.307 Thread 0x00000233c9afb300 Uncommon trap: reason=unstable_if action=reinterpret pc=0x00000233b9518a08 method=org.gradle.util.internal.SimpleMapInterner.intern(Ljava/lang/String;)Ljava/lang/String; @ 1 c2
Event: 38.307 Thread 0x00000233c9afb300 DEOPT PACKING pc=0x00000233b9518a08 sp=0x000000b1751f9420
Event: 38.308 Thread 0x00000233c9afb300 DEOPT UNPACKING pc=0x00000233b8d269a3 sp=0x000000b1751f93e8 mode 2
Event: 38.309 Thread 0x00000233c9afb300 Uncommon trap: trap_request=0xffffffc6 fr.pc=0x00000233b93b58f8 relative=0x0000000000000238
Event: 38.309 Thread 0x00000233c9afb300 Uncommon trap: reason=bimorphic_or_optimized_type_check action=maybe_recompile pc=0x00000233b93b58f8 method=com.google.common.base.CharMatcher.indexIn(Ljava/lang/CharSequence;I)I @ 31 c2
Event: 38.309 Thread 0x00000233c9afb300 DEOPT PACKING pc=0x00000233b93b58f8 sp=0x000000b1751f99a0
Event: 38.309 Thread 0x00000233c9afb300 DEOPT UNPACKING pc=0x00000233b8d269a3 sp=0x000000b1751f9948 mode 2
Event: 38.443 Thread 0x00000233c9afb300 Uncommon trap: trap_request=0xffffff45 fr.pc=0x00000233b94982ec relative=0x000000000000096c
Event: 38.443 Thread 0x00000233c9afb300 Uncommon trap: reason=unstable_if action=reinterpret pc=0x00000233b94982ec method=java.util.zip.ZipFile.getInputStream(Ljava/util/zip/ZipEntry;)Ljava/io/InputStream; @ 101 c2
Event: 38.443 Thread 0x00000233c9afb300 DEOPT PACKING pc=0x00000233b94982ec sp=0x000000b1751f8db0
Event: 38.443 Thread 0x00000233c9afb300 DEOPT UNPACKING pc=0x00000233b8d269a3 sp=0x000000b1751f8d58 mode 2
Event: 38.853 Thread 0x00000233c9afb300 Uncommon trap: trap_request=0xffffff45 fr.pc=0x00000233b92cad14 relative=0x00000000000006d4
Event: 38.853 Thread 0x00000233c9afb300 Uncommon trap: reason=unstable_if action=reinterpret pc=0x00000233b92cad14 method=java.util.jar.Manifest$FastInputStream.readLine([BII)I @ 130 c2
Event: 38.853 Thread 0x00000233c9afb300 DEOPT PACKING pc=0x00000233b92cad14 sp=0x000000b1751f8640
Event: 38.853 Thread 0x00000233c9afb300 DEOPT UNPACKING pc=0x00000233b8d269a3 sp=0x000000b1751f85d0 mode 2

Classes unloaded (0 events):
No events

Classes redefined (0 events):
No events

Internal exceptions (20 events):
Event: 26.256 Thread 0x00000233c9afb300 Implicit null exception at 0x00000233b93a196f to 0x00000233b93a1b94
Event: 27.811 Thread 0x00000233c9afb300 Exception <a 'java/lang/NoSuchMethodError'{0x0000000083799fd0}: 'int java.lang.invoke.DirectMethodHandle$Holder.invokeStatic(java.lang.Object)'> (0x0000000083799fd0) 
thrown [s\src\hotspot\share\interpreter\linkResolver.cpp, line 771]
Event: 27.812 Thread 0x00000233c9afb300 Exception <a 'java/lang/NoSuchMethodError'{0x000000008379e668}: 'int java.lang.invoke.DirectMethodHandle$Holder.invokeStaticInit(java.lang.Object)'> (0x000000008379e668) 
thrown [s\src\hotspot\share\interpreter\linkResolver.cpp, line 771]
Event: 27.832 Thread 0x00000233c9afb300 Exception <a 'java/lang/NoSuchMethodError'{0x0000000083613240}: 'java.lang.Object java.lang.invoke.DirectMethodHandle$Holder.newInvokeSpecial(java.lang.Object, java.lang.Object, java.lang.Object, java.lang.Object, java.lang.Object, int)'> (0x0000000083613240) 
thrown [s\src\hotspot\share\interpreter\linkResolver.cpp, line 771]
Event: 27.832 Thread 0x00000233c9afb300 Exception <a 'java/lang/NoSuchMethodError'{0x0000000083618898}: 'java.lang.Object java.lang.invoke.DirectMethodHandle$Holder.invokeSpecial(java.lang.Object, java.lang.Object, java.lang.Object, java.lang.Object, java.lang.Object, java.lang.Object, int)'> (0x0000000083618898) 
thrown [s\src\hotspot\share\interpreter\linkResolver.cpp, line 771]
Event: 27.873 Thread 0x00000233c9afb300 Exception <a 'java/lang/NoSuchMethodError'{0x00000000836ea858}: 'void java.lang.invoke.DirectMethodHandle$Holder.invokeStatic(java.lang.Object, java.lang.Object, java.lang.Object, int, java.lang.Object)'> (0x00000000836ea858) 
thrown [s\src\hotspot\share\interpreter\linkResolver.cpp, line 771]
Event: 28.145 Thread 0x00000233c9afb300 Exception <a 'java/lang/NoSuchMethodError'{0x00000000832374f8}: 'java.lang.Object java.lang.invoke.DirectMethodHandle$Holder.newInvokeSpecial(java.lang.Object, java.lang.Object, int)'> (0x00000000832374f8) 
thrown [s\src\hotspot\share\interpreter\linkResolver.cpp, line 771]
Event: 30.556 Thread 0x00000233c9afb300 Implicit null exception at 0x00000233b92c1af2 to 0x00000233b92c210c
Event: 30.718 Thread 0x00000233c9afb300 Exception <a 'sun/nio/fs/WindowsException'{0x0000000084ea82b8}> (0x0000000084ea82b8) 
thrown [s\src\hotspot\share\prims\jni.cpp, line 517]
Event: 35.995 Thread 0x00000233c9afb300 Exception <a 'java/lang/NoSuchMethodError'{0x00000000850595d0}: 'long java.lang.invoke.DirectMethodHandle$Holder.invokeVirtual(java.lang.Object, java.lang.Object)'> (0x00000000850595d0) 
thrown [s\src\hotspot\share\interpreter\linkResolver.cpp, line 771]
Event: 36.018 Thread 0x00000233c9244d20 Exception <a 'java/lang/NoSuchMethodError'{0x0000000085091d08}: static Lorg/gradle/internal/build/event/types/DefaultOperationFinishedProgressEvent;.<clinit>()V> (0x0000000085091d08) 
thrown [s\src\hotspot\share\prims\jni.cpp, line 1108]
Event: 36.067 Thread 0x00000233c9244d20 Exception <a 'java/lang/NoSuchMethodError'{0x00000000850fec00}: static Lorg/gradle/internal/build/event/types/DefaultProjectConfigurationSuccessResult;.<clinit>()V> (0x00000000850fec00) 
thrown [s\src\hotspot\share\prims\jni.cpp, line 1108]
Event: 36.067 Thread 0x00000233c9244d20 Exception <a 'java/lang/NoSuchMethodError'{0x0000000084f00570}: static Lorg/gradle/internal/build/event/types/AbstractProjectConfigurationResult;.<clinit>()V> (0x0000000084f00570) 
thrown [s\src\hotspot\share\prims\jni.cpp, line 1108]
Event: 36.067 Thread 0x00000233c9244d20 Exception <a 'java/lang/NoSuchMethodError'{0x0000000084f01d38}: static Lorg/gradle/internal/build/event/types/AbstractOperationResult;.<clinit>()V> (0x0000000084f01d38) 
thrown [s\src\hotspot\share\prims\jni.cpp, line 1108]
Event: 36.068 Thread 0x00000233c9244d20 Exception <a 'java/lang/NoSuchMethodError'{0x0000000084f031b0}: static Lorg/gradle/internal/build/event/types/AbstractResult;.<clinit>()V> (0x0000000084f031b0) 
thrown [s\src\hotspot\share\prims\jni.cpp, line 1108]
Event: 36.070 Thread 0x00000233c9244d20 Exception <a 'java/lang/NoSuchMethodError'{0x0000000084f1af80}: static Lorg/gradle/internal/build/event/types/DefaultPluginApplicationResult;.<clinit>()V> (0x0000000084f1af80) 
thrown [s\src\hotspot\share\prims\jni.cpp, line 1108]
Event: 36.072 Thread 0x00000233c9244d20 Exception <a 'java/lang/NoSuchMethodError'{0x0000000084f272e8}: static Lorg/gradle/internal/build/event/types/DefaultBinaryPluginIdentifier;.<clinit>()V> (0x0000000084f272e8) 
thrown [s\src\hotspot\share\prims\jni.cpp, line 1108]
Event: 36.076 Thread 0x00000233c9244d20 Exception <a 'java/lang/NoSuchMethodError'{0x0000000084f3f418}: static Lorg/gradle/internal/build/event/types/DefaultScriptPluginIdentifier;.<clinit>()V> (0x0000000084f3f418) 
thrown [s\src\hotspot\share\prims\jni.cpp, line 1108]
Event: 38.307 Thread 0x00000233c9afb300 Implicit null exception at 0x00000233b9516c8f to 0x00000233b95173d8
Event: 38.307 Thread 0x00000233c9afb300 Implicit null exception at 0x00000233b9518314 to 0x00000233b95189f0

VM Operations (20 events):
Event: 35.277 Executing VM operation: ICBufferFull
Event: 35.277 Executing VM operation: ICBufferFull done
Event: 35.287 Executing VM operation: G1CollectForAllocation
Event: 35.292 Executing VM operation: G1CollectForAllocation done
Event: 35.395 Executing VM operation: G1Concurrent
Event: 35.401 Executing VM operation: G1Concurrent done
Event: 35.453 Executing VM operation: G1Concurrent
Event: 35.475 Executing VM operation: G1Concurrent done
Event: 36.487 Executing VM operation: Cleanup
Event: 36.487 Executing VM operation: Cleanup done
Event: 37.491 Executing VM operation: Cleanup
Event: 37.491 Executing VM operation: Cleanup done
Event: 38.340 Executing VM operation: G1TryInitiateConcMark
Event: 38.346 Executing VM operation: G1TryInitiateConcMark done
Event: 38.429 Executing VM operation: G1Concurrent
Event: 38.434 Executing VM operation: G1Concurrent done
Event: 38.477 Executing VM operation: G1Concurrent
Event: 38.477 Executing VM operation: G1Concurrent done
Event: 39.491 Executing VM operation: Cleanup
Event: 39.491 Executing VM operation: Cleanup done

Events (20 events):
Event: 35.261 Thread 0x00000233c84782a0 flushing nmethod 0x00000233b2290e90
Event: 35.261 Thread 0x00000233c84782a0 flushing nmethod 0x00000233b2299890
Event: 35.261 Thread 0x00000233c84782a0 flushing nmethod 0x00000233b22a8890
Event: 35.261 Thread 0x00000233c84782a0 flushing nmethod 0x00000233b22a8e10
Event: 35.261 Thread 0x00000233c84782a0 flushing nmethod 0x00000233b22a9210
Event: 35.261 Thread 0x00000233c84782a0 flushing nmethod 0x00000233b22aba90
Event: 35.261 Thread 0x00000233c84782a0 flushing nmethod 0x00000233b22c0790
Event: 35.262 Thread 0x00000233c84782a0 flushing nmethod 0x00000233b22e2710
Event: 35.996 loading class java/util/stream/SortedOps
Event: 36.006 loading class java/util/stream/SortedOps done
Event: 36.006 loading class java/util/stream/SortedOps$OfRef
Event: 36.007 loading class java/util/stream/ReferencePipeline$StatefulOp
Event: 36.007 loading class java/util/stream/ReferencePipeline$StatefulOp done
Event: 36.007 loading class java/util/stream/SortedOps$OfRef done
Event: 36.009 loading class java/util/stream/SortedOps$RefSortingSink
Event: 36.009 loading class java/util/stream/SortedOps$AbstractRefSortingSink
Event: 36.009 loading class java/util/stream/SortedOps$AbstractRefSortingSink done
Event: 36.009 loading class java/util/stream/SortedOps$RefSortingSink done
Event: 36.074 loading class java/time/Ser
Event: 36.074 loading class java/time/Ser done


Dynamic libraries:
0x00007ff6f2ab0000 - 0x00007ff6f2aba000 	C:\Program Files\Android\Android Studio\jbr\bin\java.exe
0x00007ff87d290000 - 0x00007ff87d488000 	C:\Windows\SYSTEM32\ntdll.dll
0x00007ff87c390000 - 0x00007ff87c44d000 	C:\Windows\System32\KERNEL32.DLL
0x00007ff87abf0000 - 0x00007ff87aee6000 	C:\Windows\System32\KERNELBASE.dll
0x00007ff87aaf0000 - 0x00007ff87abf0000 	C:\Windows\System32\ucrtbase.dll
0x00007ff86fbf0000 - 0x00007ff86fc07000 	C:\Program Files\Android\Android Studio\jbr\bin\jli.dll
0x00007ff87b420000 - 0x00007ff87b5be000 	C:\Windows\System32\USER32.dll
0x00007ff87a9c0000 - 0x00007ff87a9e2000 	C:\Windows\System32\win32u.dll
0x00007ff87b5d0000 - 0x00007ff87b5fc000 	C:\Windows\System32\GDI32.dll
0x00007ff86e850000 - 0x00007ff86eaea000 	C:\Windows\WinSxS\amd64_microsoft.windows.common-controls_6595b64144ccf1df_6.0.19041.1110_none_60b5254171f9507e\COMCTL32.dll
0x00007ff87b070000 - 0x00007ff87b18a000 	C:\Windows\System32\gdi32full.dll
0x00007ff85e340000 - 0x00007ff85e35b000 	C:\Program Files\Android\Android Studio\jbr\bin\VCRUNTIME140.dll
0x00007ff87af20000 - 0x00007ff87afbd000 	C:\Windows\System32\msvcp_win.dll
0x00007ff87cc00000 - 0x00007ff87cc9e000 	C:\Windows\System32\msvcrt.dll
0x00007ff87c5e0000 - 0x00007ff87c610000 	C:\Windows\System32\IMM32.DLL
0x00007ff864390000 - 0x00007ff86439c000 	C:\Program Files\Android\Android Studio\jbr\bin\vcruntime140_1.dll
0x00007ff845e70000 - 0x00007ff845efd000 	C:\Program Files\Android\Android Studio\jbr\bin\msvcp140.dll
0x00007ff842b20000 - 0x00007ff84378e000 	C:\Program Files\Android\Android Studio\jbr\bin\server\jvm.dll
0x00007ff87cb50000 - 0x00007ff87cbfe000 	C:\Windows\System32\ADVAPI32.dll
0x00007ff87cf10000 - 0x00007ff87cfac000 	C:\Windows\System32\sechost.dll
0x00007ff87b2f0000 - 0x00007ff87b416000 	C:\Windows\System32\RPCRT4.dll
0x00007ff870020000 - 0x00007ff870047000 	C:\Windows\SYSTEM32\WINMM.dll
0x00007ff86dbd0000 - 0x00007ff86dbd9000 	C:\Windows\SYSTEM32\WSOCK32.dll
0x00007ff87bb40000 - 0x00007ff87bbab000 	C:\Windows\System32\WS2_32.dll
0x00007ff8740d0000 - 0x00007ff8740da000 	C:\Windows\SYSTEM32\VERSION.dll
0x00007ff879190000 - 0x00007ff8791a2000 	C:\Windows\SYSTEM32\kernel.appcore.dll
0x00007ff874c80000 - 0x00007ff874c8a000 	C:\Program Files\Android\Android Studio\jbr\bin\jimage.dll
0x00007ff8786f0000 - 0x00007ff8788d4000 	C:\Windows\SYSTEM32\DBGHELP.DLL
0x00007ff871880000 - 0x00007ff8718b4000 	C:\Windows\SYSTEM32\dbgcore.DLL
0x00007ff87aa60000 - 0x00007ff87aae2000 	C:\Windows\System32\bcryptPrimitives.dll
0x00007ff86ffb0000 - 0x00007ff86ffd5000 	C:\Program Files\Android\Android Studio\jbr\bin\java.dll
0x00007ff872be0000 - 0x00007ff872bf8000 	C:\Program Files\Android\Android Studio\jbr\bin\zip.dll
0x00007ff87bc40000 - 0x00007ff87c385000 	C:\Windows\System32\SHELL32.dll
0x00007ff8788e0000 - 0x00007ff87907b000 	C:\Windows\SYSTEM32\windows.storage.dll
0x00007ff87b730000 - 0x00007ff87ba84000 	C:\Windows\System32\combase.dll
0x00007ff87a2e0000 - 0x00007ff87a30e000 	C:\Windows\SYSTEM32\Wldp.dll
0x00007ff87ba90000 - 0x00007ff87bb3d000 	C:\Windows\System32\SHCORE.dll
0x00007ff87cfb0000 - 0x00007ff87d005000 	C:\Windows\System32\shlwapi.dll
0x00007ff87a8a0000 - 0x00007ff87a8c5000 	C:\Windows\SYSTEM32\profapi.dll
0x00007ff86ff10000 - 0x00007ff86ff29000 	C:\Program Files\Android\Android Studio\jbr\bin\net.dll
0x00007ff870560000 - 0x00007ff87066a000 	C:\Windows\SYSTEM32\WINHTTP.dll
0x00007ff87a040000 - 0x00007ff87a0aa000 	C:\Windows\system32\mswsock.dll
0x00007ff86fdb0000 - 0x00007ff86fdc6000 	C:\Program Files\Android\Android Studio\jbr\bin\nio.dll
0x00007ff874c60000 - 0x00007ff874c70000 	C:\Program Files\Android\Android Studio\jbr\bin\verify.dll
0x00007ff864190000 - 0x00007ff8641b7000 	C:\Users\dell\.gradle\native\68d5fa5c4cc2d200863cafc0d521ce42e7d3e7ee720ec0a83991735586a16f82\windows-amd64\native-platform.dll
0x00007ff83cef0000 - 0x00007ff83d034000 	C:\Users\dell\.gradle\native\e376f236ea51e6404a007f0833ffe2c6e607c4080706a723a18a27aeea778392\windows-amd64\native-platform-file-events.dll
0x00007ff86ffa0000 - 0x00007ff86ffa9000 	C:\Program Files\Android\Android Studio\jbr\bin\management.dll
0x00007ff86ff00000 - 0x00007ff86ff0b000 	C:\Program Files\Android\Android Studio\jbr\bin\management_ext.dll
0x00007ff87b5c0000 - 0x00007ff87b5c8000 	C:\Windows\System32\PSAPI.DLL
0x00007ff87a230000 - 0x00007ff87a248000 	C:\Windows\SYSTEM32\CRYPTSP.dll
0x00007ff879950000 - 0x00007ff879984000 	C:\Windows\system32\rsaenh.dll
0x00007ff87aef0000 - 0x00007ff87af17000 	C:\Windows\System32\bcrypt.dll
0x00007ff87a860000 - 0x00007ff87a88e000 	C:\Windows\SYSTEM32\USERENV.dll
0x00007ff87a250000 - 0x00007ff87a25c000 	C:\Windows\SYSTEM32\CRYPTBASE.dll
0x00007ff879d30000 - 0x00007ff879d6b000 	C:\Windows\SYSTEM32\IPHLPAPI.DLL
0x00007ff87bc30000 - 0x00007ff87bc38000 	C:\Windows\System32\NSI.dll
0x00007ff8719e0000 - 0x00007ff8719f7000 	C:\Windows\SYSTEM32\dhcpcsvc6.DLL
0x00007ff8719c0000 - 0x00007ff8719dd000 	C:\Windows\SYSTEM32\dhcpcsvc.DLL
0x00007ff879d70000 - 0x00007ff879e3a000 	C:\Windows\SYSTEM32\DNSAPI.dll
0x00007ff86fce0000 - 0x00007ff86fce7000 	C:\Windows\system32\wshunix.dll
0x0000000075de0000 - 0x0000000075e06000 	C:\Program Files\Bonjour\mdnsNSP.dll
0x00007ff8722e0000 - 0x00007ff8722ea000 	C:\Windows\System32\rasadhlp.dll
0x00007ff870370000 - 0x00007ff8703f2000 	C:\Windows\System32\fwpuclnt.dll

dbghelp: loaded successfully - version: 4.0.5 - missing functions: none
symbol engine: initialized successfully - sym options: 0x614 - pdb path: .;C:\Program Files\Android\Android Studio\jbr\bin;C:\Windows\SYSTEM32;C:\Windows\WinSxS\amd64_microsoft.windows.common-controls_6595b64144ccf1df_6.0.19041.1110_none_60b5254171f9507e;C:\Program Files\Android\Android Studio\jbr\bin\server;C:\Users\dell\.gradle\native\68d5fa5c4cc2d200863cafc0d521ce42e7d3e7ee720ec0a83991735586a16f82\windows-amd64;C:\Users\dell\.gradle\native\e376f236ea51e6404a007f0833ffe2c6e607c4080706a723a18a27aeea778392\windows-amd64;C:\Program Files\Bonjour

VM Arguments:
jvm_args: --add-opens=java.base/java.util=ALL-UNNAMED --add-opens=java.base/java.lang=ALL-UNNAMED --add-opens=java.base/java.lang.invoke=ALL-UNNAMED --add-opens=java.prefs/java.util.prefs=ALL-UNNAMED --add-opens=java.base/java.nio.charset=ALL-UNNAMED --add-opens=java.base/java.net=ALL-UNNAMED --add-opens=java.base/java.util.concurrent.atomic=ALL-UNNAMED -Xmx2048m -Dfile.encoding=UTF-8 -Duser.country=US -Duser.language=en -Duser.variant 
java_command: org.gradle.launcher.daemon.bootstrap.GradleDaemon 8.0
java_class_path (initial): C:\Users\dell\.gradle\wrapper\dists\gradle-8.0-bin\ca5e32bp14vu59qr306oxotwh\gradle-8.0\lib\gradle-launcher-8.0.jar
Launcher Type: SUN_STANDARD

[Global flags]
     intx CICompilerCount                          = 3                                         {product} {ergonomic}
     uint ConcGCThreads                            = 1                                         {product} {ergonomic}
     uint G1ConcRefinementThreads                  = 4                                         {product} {ergonomic}
   size_t G1HeapRegionSize                         = 1048576                                   {product} {ergonomic}
    uintx GCDrainStackTargetSize                   = 64                                        {product} {ergonomic}
   size_t InitialHeapSize                          = 134217728                                 {product} {ergonomic}
   size_t MarkStackSize                            = 4194304                                   {product} {ergonomic}
   size_t MaxHeapSize                              = 2147483648                                {product} {command line}
   size_t MaxNewSize                               = 1287651328                                {product} {ergonomic}
   size_t MinHeapDeltaBytes                        = 1048576                                   {product} {ergonomic}
   size_t MinHeapSize                              = 8388608                                   {product} {ergonomic}
    uintx NonNMethodCodeHeapSize                   = 5832780                                {pd product} {ergonomic}
    uintx NonProfiledCodeHeapSize                  = 122912730                              {pd product} {ergonomic}
    uintx ProfiledCodeHeapSize                     = 122912730                              {pd product} {ergonomic}
    uintx ReservedCodeCacheSize                    = 251658240                              {pd product} {ergonomic}
     bool SegmentedCodeCache                       = true                                      {product} {ergonomic}
   size_t SoftMaxHeapSize                          = 2147483648                             {manageable} {ergonomic}
     bool UseCompressedClassPointers               = true                           {product lp64_product} {ergonomic}
     bool UseCompressedOops                        = true                           {product lp64_product} {ergonomic}
     bool UseG1GC                                  = true                                      {product} {ergonomic}
     bool UseLargePagesIndividualAllocation        = false                                  {pd product} {ergonomic}

Logging:
Log output configuration:
 #0: stdout all=warning uptime,level,tags
 #1: stderr all=off uptime,level,tags

Environment Variables:
PATH=C:\ProgramData\Oracle\Java\javapath;C:\Program Files\Common Files\Oracle\Java\javapath;C:\Windows\system32;C:\Windows;C:\Windows\System32\Wbem;C:\Windows\System32\WindowsPowerShell\v1.0\;C:\Windows\System32\OpenSSH\;C:\Program Files\Git\cmd;C:\Program Files\nodejs\;C:\xampp\documents\php;C:\ProgramData\ComposerSetup\bin;C:\Program Files\MySQL\MySQL Shell 8.0\bin\;C:\Users\dell\AppData\Local\Microsoft\WindowsApps;C:\Users\dell\AppData\Local\atom\bin;C:\Users\dell\AppData\Roaming\npm;C:\Users\dell\AppData\Roaming\Composer\vendor\bin;C:\Users\dell\AppData\Local\Programs\Microsoft VS Code\bin
USERNAME=dell
OS=Windows_NT
PROCESSOR_IDENTIFIER=Intel64 Family 6 Model 78 Stepping 3, GenuineIntel
TMP=C:\Users\dell\AppData\Local\Temp
TEMP=C:\Users\dell\AppData\Local\Temp


JNI global refs:
JNI global refs: 24, weak refs: 7

JNI global refs memory usage: 843, weak refs: 841


---------------  S Y S T E M  ---------------

OS:
 Windows 10 , 64 bit Build 19041 (10.0.19041.3393)
OS uptime: 19 days 13:44 hours

CPU: total 4 (initial active 4) (2 cores per cpu, 2 threads per core) family 6 model 78 stepping 3 microcode 0xcc, cx8, cmov, fxsr, ht, mmx, 3dnowpref, sse, sse2, sse3, ssse3, sse4.1, sse4.2, popcnt, lzcnt, tsc, tscinvbit, avx, avx2, aes, erms, clmul, bmi1, bmi2, rtm, adx, fma, vzeroupper, clflush, clflushopt

Memory: 4k page, system-wide physical 8083M (222M free)
TotalPageFile size 32659M (AvailPageFile size 0M)
current process WorkingSet (physical memory assigned to process): 223M, peak: 242M
current process commit charge ("private bytes"): 254M, peak: 267M

vm_info: OpenJDK 64-Bit Server VM (17.0.6+0-b2043.56-10027231) for windows-amd64 JRE (17.0.6+0-b2043.56-10027231), built on Apr 28 2023 00:43:19 by "androidbuild" with MS VC++ 16.10 / 16.11 (VS2019)

END.
